WARNING (pytensor.tensor.blas): Using NumPy C-API based implementation for BLAS functions.
usage: sequential_sbc_with_rewrites.py [-h] [--N_iter N_ITER]
                                       [--N_samp N_SAMP]
                                       [--test_function_name TEST_FUNCTION_NAME]
                                       [--num_sequential_rounds NUM_SEQUENTIAL_ROUNDS]
                                       [--num_simulations_per_round NUM_SIMULATIONS_PER_ROUND]
                                       [--aL AL] [--aU AU] [--bL BL] [--bU BU]
                                       [--VL VL] [--VU VU] [--xf0L XF0L]
                                       [--xf0U XF0U] [--vf0L VF0L]
                                       [--vf0U VF0U]
                                       [--prior_mean_mu PRIOR_MEAN_MU]
                                       [--prior_variance_mu PRIOR_VARIANCE_MU]
                                       [--prior_alpha_sigmasquared PRIOR_ALPHA_SIGMASQUARED]
                                       [--prior_beta_sigmasquared PRIOR_BETA_SIGMASQUARED]
                                       [--tau TAU] [--N N] [--ll LL]
                                       [--psi PSI] [--bl BL]
                                       --leader_trajectory_ID
                                       LEADER_TRAJECTORY_ID
                                       [--use_combined_loss USE_COMBINED_LOSS]
                                       [--experiment_ID EXPERIMENT_ID]
sequential_sbc_with_rewrites.py: error: unrecognized arguments: --example_ID 

====================================
CPU Time used: 00:00:09
CPU Percent: 12%
Memory usage: 499212kb
Approx Power usage: 0.0
Walltime usage: 00:07:05

====================================
